<?xml version="1.0" encoding="UTF-8"?>
<!-- Generated by org.testng.reporters.JUnitReportReporter -->
<testsuite hostname="LAPTOP-A05LVLGA" failures="0" tests="4" name="tests.LoginPageTest" time="49.354" errors="0" timestamp="2022-10-09T23:01:51 EDT" skipped="0">
  <testcase classname="tests.LoginPageTest" name="ValidateLoginPageLink" time="11.195"/>
  <testcase classname="tests.LoginPageTest" name="ValidaCrmLogo" time="12.062"/>
  <testcase classname="tests.LoginPageTest" name="ValidaSignUpPageLink" time="12.925"/>
  <testcase classname="tests.LoginPageTest" name="ValidateContactsUsPageLink" time="13.172"/>
</testsuite> <!-- tests.LoginPageTest -->
