<?xml version="1.0" encoding="UTF-8"?>
<!-- Generated by org.testng.reporters.JUnitReportReporter -->
<testsuite hostname="LAPTOP-A05LVLGA" failures="0" tests="1" name="tests.HomePageTest" time="42.207" errors="0" timestamp="2022-10-14T13:34:45 EDT" skipped="0">
  <testcase classname="tests.HomePageTest" name="ValidateHowertoContacts" time="42.207"/>
</testsuite> <!-- tests.HomePageTest -->
