<?xml version="1.0" encoding="UTF-8"?>
<!-- Generated by org.testng.reporters.JUnitReportReporter -->
<testsuite hostname="LAPTOP-A05LVLGA" failures="0" tests="2" name="tests.LoggedinPageTest" time="33.439" errors="0" timestamp="2022-10-14T12:15:23 EDT" skipped="0">
  <testcase classname="tests.LoggedinPageTest" name="ValidateLoginPageTitle" time="17.312"/>
  <testcase classname="tests.LoggedinPageTest" name="ValidateloginTest" time="16.127"/>
</testsuite> <!-- tests.LoggedinPageTest -->
